<?xml version="1.0" encoding="UTF-8"?>
<!-- Generated by org.testng.reporters.JUnitReportReporter -->
<testsuite skipped="2" hostname="DESKTOP-RPSK03F" name="MyPack.TestClass" tests="3" failures="0" timestamp="2020-07-20T15:57:32 CDT" time="50.263" errors="0">
  <testcase name="LoginToSaleForceAndVerifyText" time="50.263" classname="MyPack.TestClass"/>
  <system-out/>
  <testcase name="login" classname="MyPack.TestClass">
    <skipped/>
  </testcase> <!-- login -->
  <system-out/>
  <testcase name="LoginToSaleForceAndClickOnHome" classname="MyPack.TestClass">
    <skipped/>
  </testcase> <!-- LoginToSaleForceAndClickOnHome -->
  <system-out/>
</testsuite> <!-- MyPack.TestClass -->
